2024-07-01 11:55:09.262 [info] (Client) Pylance async client (2024.6.1) started with python extension (2024.8.1)
2024-07-01 11:55:09.671 [info] [Info  - 11:55:09 AM] (64818) Pylance language server 2024.6.1 (pyright version 1.1.364, commit 0618acc5) starting
2024-07-01 11:55:09.672 [info] [Info  - 11:55:09 AM] (64818) Server root directory: file:///home/sciencerz/.vscode/extensions/ms-python.vscode-pylance-2024.6.1/dist
2024-07-01 11:55:09.672 [info] [Info  - 11:55:09 AM] (64818) Starting service instance "neofetch"
2024-07-01 11:55:09.684 [info] Auto-Indent enabled
2024-07-01 11:55:09.694 [info] Auto-Indent enabled
2024-07-01 11:55:09.695 [info] [Info  - 11:55:09 AM] (64818) Setting pythonPath for service "neofetch": "/bin/python3"
2024-07-01 11:55:09.695 [info] [Info  - 11:55:09 AM] (64818) Setting environmentName for service "neofetch": "3.12.3 (global)"
2024-07-01 11:55:09.715 [info] [Info  - 11:55:09 AM] (64818) Assuming Python version 3.12.3.final.0
2024-07-01 11:55:09.874 [info] [Info  - 11:55:09 AM] (64818) Found 1 source file
2024-07-01 11:55:09.876 [info] Auto-Indent enabled
2024-07-01 11:55:10.073 [info] [Info  - 11:55:10 AM] (64818) Background analysis(1) root directory: file:///home/sciencerz/.vscode/extensions/ms-python.vscode-pylance-2024.6.1/dist
2024-07-01 11:55:10.074 [info] [Info  - 11:55:10 AM] (64818) Background analysis(1) started
2024-07-01 11:55:10.309 [info] [Info  - 11:55:10 AM] (64818) Indexer background runner(2) root directory: file:///home/sciencerz/.vscode/extensions/ms-python.vscode-pylance-2024.6.1/dist (index)
2024-07-01 11:55:10.309 [info] [Info  - 11:55:10 AM] (64818) Indexing(2) started
2024-07-01 11:55:10.694 [info] [Info  - 11:55:10 AM] (64818) scanned(2) 116 files over 1 exec env
2024-07-01 11:55:10.836 [info] [Info  - 11:55:10 AM] (64818) indexed(2) 69 files over 1 exec env
2024-07-01 11:55:10.856 [info] [Info  - 11:55:10 AM] (64818) Indexing finished(2).
2024-07-01 12:30:14.605 [info] [Info  - 12:30:14 PM] (64818) Starting service instance "<default>"
2024-07-01 12:30:14.629 [info] Auto-Indent enabled
2024-07-01 12:30:14.630 [info] [Info  - 12:30:14 PM] (64818) Setting pythonPath for service "<default>": "/bin/python3"
2024-07-01 12:30:14.630 [info] [Info  - 12:30:14 PM] (64818) Setting environmentName for service "<default>": "3.12.3 (global)"
2024-07-01 12:30:14.654 [info] [Info  - 12:30:14 PM] (64818) Assuming Python version 3.12.3.final.0
2024-07-01 12:30:14.832 [info] [Info  - 12:30:14 PM] (64818) No source files found.
2024-07-01 12:30:14.997 [info] [Info  - 12:30:14 PM] (64818) Background analysis(3) root directory: file:///home/sciencerz/.vscode/extensions/ms-python.vscode-pylance-2024.6.1/dist
2024-07-01 12:30:14.999 [info] [Info  - 12:30:14 PM] (64818) Background analysis(3) started
