Locating server…
Booting server...
Checking if /home/sciencerz/.config/spicetify/Themes/text/user.css may be Tailwind-related…
Setting up server…
Listening for messages…
Searching for Tailwind CSS projects in the workspace's folders.
[Global] Creating projects: []
[Global] Preparing projects...
[Global] Initializing projects...
[Info  - 5:05:23 PM] [GLOBAL] No matching project for document {
  fsPath: '/home/sciencerz/.config/spicetify/Themes/text/user.css',
  normalPath: '/home/sciencerz/.config/spicetify/Themes/text/user.css'
}
[Global] Initialized 0 projects
[Info  - 5:05:35 PM] [GLOBAL] No matching project for document {
  fsPath: '/home/sciencerz/.config/spicetify/Themes/text/user.css',
  normalPath: '/home/sciencerz/.config/spicetify/Themes/text/user.css'
}
[Info  - 5:05:44 PM] [GLOBAL] No matching project for document {
  fsPath: '/home/sciencerz/.config/spicetify/Themes/text/user.css',
  normalPath: '/home/sciencerz/.config/spicetify/Themes/text/user.css'
}
[Info  - 5:05:47 PM] [GLOBAL] No matching project for document {
  fsPath: '/home/sciencerz/.config/spicetify/Themes/text/user.css',
  normalPath: '/home/sciencerz/.config/spicetify/Themes/text/user.css'
}
[Info  - 5:05:55 PM] [GLOBAL] No matching project for document {
  fsPath: '/home/sciencerz/.config/spicetify/Themes/text/user.css',
  normalPath: '/home/sciencerz/.config/spicetify/Themes/text/user.css'
}
[Info  - 5:05:56 PM] [GLOBAL] No matching project for document {
  fsPath: '/home/sciencerz/.config/spicetify/Themes/text/user.css',
  normalPath: '/home/sciencerz/.config/spicetify/Themes/text/user.css'
}
[Info  - 5:05:56 PM] [GLOBAL] No matching project for document {
  fsPath: '/home/sciencerz/.config/spicetify/Themes/text/user.css',
  normalPath: '/home/sciencerz/.config/spicetify/Themes/text/user.css'
}
[Info  - 5:05:56 PM] [GLOBAL] No matching project for document {
  fsPath: '/home/sciencerz/.config/spicetify/Themes/text/user.css',
  normalPath: '/home/sciencerz/.config/spicetify/Themes/text/user.css'
}
[Info  - 5:05:57 PM] [GLOBAL] No matching project for document {
  fsPath: '/home/sciencerz/.config/spicetify/Themes/text/user.css',
  normalPath: '/home/sciencerz/.config/spicetify/Themes/text/user.css'
}
[Info  - 5:05:58 PM] [GLOBAL] No matching project for document {
  fsPath: '/home/sciencerz/.config/spicetify/Themes/text/user.css',
  normalPath: '/home/sciencerz/.config/spicetify/Themes/text/user.css'
}
[Info  - 5:05:58 PM] [GLOBAL] No matching project for document {
  fsPath: '/home/sciencerz/.config/spicetify/Themes/text/user.css',
  normalPath: '/home/sciencerz/.config/spicetify/Themes/text/user.css'
}
[Info  - 5:05:59 PM] [GLOBAL] No matching project for document {
  fsPath: '/home/sciencerz/.config/spicetify/Themes/text/user.css',
  normalPath: '/home/sciencerz/.config/spicetify/Themes/text/user.css'
}
[Info  - 5:06:10 PM] [GLOBAL] No matching project for document {
  fsPath: '/home/sciencerz/.config/spicetify/Themes/text/user.css',
  normalPath: '/home/sciencerz/.config/spicetify/Themes/text/user.css'
}
[Info  - 5:06:10 PM] [GLOBAL] No matching project for document {
  fsPath: '/home/sciencerz/.config/spicetify/Themes/text/user.css',
  normalPath: '/home/sciencerz/.config/spicetify/Themes/text/user.css'
}
[Info  - 5:06:17 PM] [GLOBAL] No matching project for document {
  fsPath: '/home/sciencerz/.config/spicetify/Themes/text/user.css',
  normalPath: '/home/sciencerz/.config/spicetify/Themes/text/user.css'
}
[Info  - 5:06:27 PM] [GLOBAL] No matching project for document {
  fsPath: '/home/sciencerz/.config/spicetify/Themes/text/user.css',
  normalPath: '/home/sciencerz/.config/spicetify/Themes/text/user.css'
}
[Info  - 5:06:27 PM] [GLOBAL] No matching project for document {
  fsPath: '/home/sciencerz/.config/spicetify/Themes/text/user.css',
  normalPath: '/home/sciencerz/.config/spicetify/Themes/text/user.css'
}
[Info  - 5:06:28 PM] [GLOBAL] No matching project for document {
  fsPath: '/home/sciencerz/.config/spicetify/Themes/text/user.css',
  normalPath: '/home/sciencerz/.config/spicetify/Themes/text/user.css'
}
[Info  - 5:06:35 PM] [GLOBAL] No matching project for document {
  fsPath: '/home/sciencerz/.config/spicetify/Themes/text/user.css',
  normalPath: '/home/sciencerz/.config/spicetify/Themes/text/user.css'
}
[Info  - 5:06:35 PM] [GLOBAL] No matching project for document {
  fsPath: '/home/sciencerz/.config/spicetify/Themes/text/user.css',
  normalPath: '/home/sciencerz/.config/spicetify/Themes/text/user.css'
}
[Info  - 5:06:36 PM] [GLOBAL] No matching project for document {
  fsPath: '/home/sciencerz/.config/spicetify/Themes/text/user.css',
  normalPath: '/home/sciencerz/.config/spicetify/Themes/text/user.css'
}
[Info  - 5:06:36 PM] [GLOBAL] No matching project for document {
  fsPath: '/home/sciencerz/.config/spicetify/Themes/text/user.css',
  normalPath: '/home/sciencerz/.config/spicetify/Themes/text/user.css'
}
[Info  - 5:06:36 PM] [GLOBAL] No matching project for document {
  fsPath: '/home/sciencerz/.config/spicetify/Themes/text/user.css',
  normalPath: '/home/sciencerz/.config/spicetify/Themes/text/user.css'
}
[Info  - 5:06:45 PM] [GLOBAL] No matching project for document {
  fsPath: '/home/sciencerz/.config/spicetify/Themes/text/user.css',
  normalPath: '/home/sciencerz/.config/spicetify/Themes/text/user.css'
}
[Info  - 5:06:54 PM] [GLOBAL] No matching project for document {
  fsPath: '/home/sciencerz/.config/spicetify/Themes/text/user.css',
  normalPath: '/home/sciencerz/.config/spicetify/Themes/text/user.css'
}
[Info  - 5:06:55 PM] [GLOBAL] No matching project for document {
  fsPath: '/home/sciencerz/.config/spicetify/Themes/text/user.css',
  normalPath: '/home/sciencerz/.config/spicetify/Themes/text/user.css'
}
[Info  - 5:06:55 PM] [GLOBAL] No matching project for document {
  fsPath: '/home/sciencerz/.config/spicetify/Themes/text/user.css',
  normalPath: '/home/sciencerz/.config/spicetify/Themes/text/user.css'
}
[Info  - 5:06:56 PM] [GLOBAL] No matching project for document {
  fsPath: '/home/sciencerz/.config/spicetify/Themes/text/user.css',
  normalPath: '/home/sciencerz/.config/spicetify/Themes/text/user.css'
}
[Info  - 5:07:07 PM] [GLOBAL] No matching project for document {
  fsPath: '/home/sciencerz/.config/spicetify/Themes/text/user.css',
  normalPath: '/home/sciencerz/.config/spicetify/Themes/text/user.css'
}
[Info  - 5:07:07 PM] [GLOBAL] No matching project for document {
  fsPath: '/home/sciencerz/.config/spicetify/Themes/text/user.css',
  normalPath: '/home/sciencerz/.config/spicetify/Themes/text/user.css'
}
[Info  - 5:07:08 PM] [GLOBAL] No matching project for document {
  fsPath: '/home/sciencerz/.config/spicetify/Themes/text/user.css',
  normalPath: '/home/sciencerz/.config/spicetify/Themes/text/user.css'
}
[Info  - 5:07:09 PM] [GLOBAL] No matching project for document {
  fsPath: '/home/sciencerz/.config/spicetify/Themes/text/user.css',
  normalPath: '/home/sciencerz/.config/spicetify/Themes/text/user.css'
}
[Info  - 5:07:10 PM] [GLOBAL] No matching project for document {
  fsPath: '/home/sciencerz/.config/spicetify/Themes/text/user.css',
  normalPath: '/home/sciencerz/.config/spicetify/Themes/text/user.css'
}
[Info  - 5:07:10 PM] [GLOBAL] No matching project for document {
  fsPath: '/home/sciencerz/.config/spicetify/Themes/text/user.css',
  normalPath: '/home/sciencerz/.config/spicetify/Themes/text/user.css'
}
[Info  - 5:12:12 PM] [GLOBAL] No matching project for document {
  fsPath: '/home/sciencerz/.config/spicetify/Themes/text/user.css',
  normalPath: '/home/sciencerz/.config/spicetify/Themes/text/user.css'
}
[Info  - 5:12:14 PM] [GLOBAL] No matching project for document {
  fsPath: '/home/sciencerz/.config/spicetify/Themes/text/user.css',
  normalPath: '/home/sciencerz/.config/spicetify/Themes/text/user.css'
}
[Info  - 5:12:14 PM] [GLOBAL] No matching project for document {
  fsPath: '/home/sciencerz/.config/spicetify/Themes/text/user.css',
  normalPath: '/home/sciencerz/.config/spicetify/Themes/text/user.css'
}
[Info  - 5:12:15 PM] [GLOBAL] No matching project for document {
  fsPath: '/home/sciencerz/.config/spicetify/Themes/text/user.css',
  normalPath: '/home/sciencerz/.config/spicetify/Themes/text/user.css'
}
[Info  - 5:12:25 PM] [GLOBAL] No matching project for document {
  fsPath: '/home/sciencerz/.config/spicetify/Themes/text/user.css',
  normalPath: '/home/sciencerz/.config/spicetify/Themes/text/user.css'
}
[Info  - 5:12:27 PM] [GLOBAL] No matching project for document {
  fsPath: '/home/sciencerz/.config/spicetify/Themes/text/user.css',
  normalPath: '/home/sciencerz/.config/spicetify/Themes/text/user.css'
}
[Info  - 5:12:27 PM] [GLOBAL] No matching project for document {
  fsPath: '/home/sciencerz/.config/spicetify/Themes/text/user.css',
  normalPath: '/home/sciencerz/.config/spicetify/Themes/text/user.css'
}
[Info  - 5:12:28 PM] [GLOBAL] No matching project for document {
  fsPath: '/home/sciencerz/.config/spicetify/Themes/text/user.css',
  normalPath: '/home/sciencerz/.config/spicetify/Themes/text/user.css'
}
[Info  - 5:12:28 PM] [GLOBAL] No matching project for document {
  fsPath: '/home/sciencerz/.config/spicetify/Themes/text/user.css',
  normalPath: '/home/sciencerz/.config/spicetify/Themes/text/user.css'
}
[Info  - 5:12:29 PM] [GLOBAL] No matching project for document {
  fsPath: '/home/sciencerz/.config/spicetify/Themes/text/user.css',
  normalPath: '/home/sciencerz/.config/spicetify/Themes/text/user.css'
}
[Info  - 5:12:30 PM] [GLOBAL] No matching project for document {
  fsPath: '/home/sciencerz/.config/spicetify/Themes/text/user.css',
  normalPath: '/home/sciencerz/.config/spicetify/Themes/text/user.css'
}
[Info  - 5:12:52 PM] [GLOBAL] No matching project for document {
  fsPath: '/home/sciencerz/.config/spicetify/Themes/text/user.css',
  normalPath: '/home/sciencerz/.config/spicetify/Themes/text/user.css'
}
[Info  - 5:12:53 PM] [GLOBAL] No matching project for document {
  fsPath: '/home/sciencerz/.config/spicetify/Themes/text/user.css',
  normalPath: '/home/sciencerz/.config/spicetify/Themes/text/user.css'
}
[Info  - 5:12:54 PM] [GLOBAL] No matching project for document {
  fsPath: '/home/sciencerz/.config/spicetify/Themes/text/user.css',
  normalPath: '/home/sciencerz/.config/spicetify/Themes/text/user.css'
}
[Info  - 5:12:56 PM] [GLOBAL] No matching project for document {
  fsPath: '/home/sciencerz/.config/spicetify/Themes/text/user.css',
  normalPath: '/home/sciencerz/.config/spicetify/Themes/text/user.css'
}
[Info  - 5:15:33 PM] [GLOBAL] No matching project for document {
  fsPath: '/home/sciencerz/.config/spicetify/Themes/text/user.css',
  normalPath: '/home/sciencerz/.config/spicetify/Themes/text/user.css'
}
[Info  - 5:15:34 PM] [GLOBAL] No matching project for document {
  fsPath: '/home/sciencerz/.config/spicetify/Themes/text/user.css',
  normalPath: '/home/sciencerz/.config/spicetify/Themes/text/user.css'
}
[Info  - 5:15:44 PM] [GLOBAL] No matching project for document {
  fsPath: '/home/sciencerz/.config/spicetify/Themes/text/user.css',
  normalPath: '/home/sciencerz/.config/spicetify/Themes/text/user.css'
}
[Info  - 5:15:48 PM] [GLOBAL] No matching project for document {
  fsPath: '/home/sciencerz/.config/spicetify/Themes/text/user.css',
  normalPath: '/home/sciencerz/.config/spicetify/Themes/text/user.css'
}
[Info  - 5:15:49 PM] [GLOBAL] No matching project for document {
  fsPath: '/home/sciencerz/.config/spicetify/Themes/text/user.css',
  normalPath: '/home/sciencerz/.config/spicetify/Themes/text/user.css'
}
[Info  - 5:15:50 PM] [GLOBAL] No matching project for document {
  fsPath: '/home/sciencerz/.config/spicetify/Themes/text/user.css',
  normalPath: '/home/sciencerz/.config/spicetify/Themes/text/user.css'
}
[Info  - 5:15:50 PM] [GLOBAL] No matching project for document {
  fsPath: '/home/sciencerz/.config/spicetify/Themes/text/user.css',
  normalPath: '/home/sciencerz/.config/spicetify/Themes/text/user.css'
}
[Info  - 5:15:52 PM] [GLOBAL] No matching project for document {
  fsPath: '/home/sciencerz/.config/spicetify/Themes/text/user.css',
  normalPath: '/home/sciencerz/.config/spicetify/Themes/text/user.css'
}
[Info  - 5:16:06 PM] [GLOBAL] No matching project for document {
  fsPath: '/home/sciencerz/.config/spicetify/Themes/text/user.css',
  normalPath: '/home/sciencerz/.config/spicetify/Themes/text/user.css'
}
[Info  - 5:16:06 PM] [GLOBAL] No matching project for document {
  fsPath: '/home/sciencerz/.config/spicetify/Themes/text/user.css',
  normalPath: '/home/sciencerz/.config/spicetify/Themes/text/user.css'
}
[Info  - 5:16:07 PM] [GLOBAL] No matching project for document {
  fsPath: '/home/sciencerz/.config/spicetify/Themes/text/user.css',
  normalPath: '/home/sciencerz/.config/spicetify/Themes/text/user.css'
}
[Info  - 5:16:08 PM] [GLOBAL] No matching project for document {
  fsPath: '/home/sciencerz/.config/spicetify/Themes/text/user.css',
  normalPath: '/home/sciencerz/.config/spicetify/Themes/text/user.css'
}
[Info  - 5:16:55 PM] [GLOBAL] No matching project for document {
  fsPath: '/home/sciencerz/.config/spicetify/Themes/text/user.css',
  normalPath: '/home/sciencerz/.config/spicetify/Themes/text/user.css'
}
[Info  - 5:16:55 PM] [GLOBAL] No matching project for document {
  fsPath: '/home/sciencerz/.config/spicetify/Themes/text/user.css',
  normalPath: '/home/sciencerz/.config/spicetify/Themes/text/user.css'
}
[Info  - 5:17:07 PM] [GLOBAL] No matching project for document {
  fsPath: '/home/sciencerz/.config/spicetify/Themes/text/user.css',
  normalPath: '/home/sciencerz/.config/spicetify/Themes/text/user.css'
}
[Info  - 5:17:08 PM] [GLOBAL] No matching project for document {
  fsPath: '/home/sciencerz/.config/spicetify/Themes/text/user.css',
  normalPath: '/home/sciencerz/.config/spicetify/Themes/text/user.css'
}
[Info  - 5:17:22 PM] [GLOBAL] No matching project for document {
  fsPath: '/home/sciencerz/.config/spicetify/Themes/text/user.css',
  normalPath: '/home/sciencerz/.config/spicetify/Themes/text/user.css'
}
[Info  - 5:17:24 PM] [GLOBAL] No matching project for document {
  fsPath: '/home/sciencerz/.config/spicetify/Themes/text/user.css',
  normalPath: '/home/sciencerz/.config/spicetify/Themes/text/user.css'
}
[Info  - 5:17:24 PM] [GLOBAL] No matching project for document {
  fsPath: '/home/sciencerz/.config/spicetify/Themes/text/user.css',
  normalPath: '/home/sciencerz/.config/spicetify/Themes/text/user.css'
}
[Info  - 5:17:27 PM] [GLOBAL] No matching project for document {
  fsPath: '/home/sciencerz/.config/spicetify/Themes/text/user.css',
  normalPath: '/home/sciencerz/.config/spicetify/Themes/text/user.css'
}
[Info  - 5:17:27 PM] [GLOBAL] No matching project for document {
  fsPath: '/home/sciencerz/.config/spicetify/Themes/text/user.css',
  normalPath: '/home/sciencerz/.config/spicetify/Themes/text/user.css'
}
[Info  - 5:33:04 PM] [GLOBAL] No matching project for document {
  fsPath: '/home/sciencerz/.config/spicetify/Themes/text/user.css',
  normalPath: '/home/sciencerz/.config/spicetify/Themes/text/user.css'
}
[Info  - 5:39:08 PM] [GLOBAL] No matching project for document {
  fsPath: '/home/sciencerz/.config/spicetify/Themes/text/user.css',
  normalPath: '/home/sciencerz/.config/spicetify/Themes/text/user.css'
}
