2024-09-20 23:48:30.472 [info] [main] Log level: Info
2024-09-20 23:48:30.472 [info] [main] Validating found git in: "git"
2024-09-20 23:48:30.472 [info] [main] Using git "2.43.0" from "git"
2024-09-20 23:48:30.472 [info] [Model][doInitialScan] Initial repository scan started
2024-09-20 23:48:30.472 [info] > git rev-parse --show-toplevel [33ms]
2024-09-20 23:48:30.472 [info] fatal: not a git repository (or any of the parent directories): .git
2024-09-20 23:48:30.472 [info] > git rev-parse --show-toplevel [9ms]
2024-09-20 23:48:30.472 [info] fatal: not a git repository (or any of the parent directories): .git
2024-09-20 23:48:30.472 [info] [Model][doInitialScan] Initial repository scan completed - repositories (0), closed repositories (0), parent repositories (0), unsafe repositories (0)
2024-09-20 23:48:31.666 [info] > git rev-parse --show-toplevel [1ms]
2024-09-20 23:48:31.666 [info] fatal: not a git repository (or any of the parent directories): .git
2024-09-20 23:48:31.764 [info] > git rev-parse --show-toplevel [1ms]
2024-09-20 23:48:31.764 [info] fatal: not a git repository (or any of the parent directories): .git
2024-09-20 23:48:31.997 [info] > git rev-parse --show-toplevel [1ms]
2024-09-20 23:48:31.997 [info] fatal: not a git repository (or any of the parent directories): .git
2024-09-20 23:48:32.194 [info] > git rev-parse --show-toplevel [1ms]
2024-09-20 23:48:32.194 [info] fatal: not a git repository (or any of the parent directories): .git
2024-09-20 23:48:34.162 [info] > git rev-parse --show-toplevel [1ms]
2024-09-20 23:48:34.162 [info] fatal: not a git repository (or any of the parent directories): .git
2024-09-20 23:48:40.244 [info] > git rev-parse --show-toplevel [2ms]
2024-09-20 23:48:40.244 [info] fatal: not a git repository (or any of the parent directories): .git
2024-09-20 23:48:40.725 [info] > git rev-parse --show-toplevel [10ms]
2024-09-20 23:48:40.725 [info] fatal: not a git repository (or any of the parent directories): .git
