Locating server…
Booting server...
Checking if /home/sciencerz/.config/spicetify/Themes/text/user.css may be Tailwind-related…
Setting up server…
Listening for messages…
Searching for Tailwind CSS projects in the workspace's folders.
[Global] Creating projects: []
[Global] Preparing projects...
[Global] Initializing projects...
[Global] Initialized 0 projects
[Info  - 11:36:01 PM] [GLOBAL] No matching project for document {
  fsPath: '/home/sciencerz/.config/spicetify/Themes/text/README.md',
  normalPath: '/home/sciencerz/.config/spicetify/Themes/text/README.md'
}
[Info  - 11:36:01 PM] [GLOBAL] No matching project for document {
  fsPath: '/home/sciencerz/.config/spicetify/Themes/text/README.md',
  normalPath: '/home/sciencerz/.config/spicetify/Themes/text/README.md'
}
[Info  - 11:36:01 PM] [GLOBAL] No matching project for document {
  fsPath: '/home/sciencerz/.config/spicetify/Themes/text/README.md',
  normalPath: '/home/sciencerz/.config/spicetify/Themes/text/README.md'
}
[Info  - 11:45:29 PM] [GLOBAL] No matching project for document {
  fsPath: '/home/sciencerz/.config/spicetify/Themes/text/color.ini',
  normalPath: '/home/sciencerz/.config/spicetify/Themes/text/color.ini'
}
[Info  - 11:47:37 PM] [GLOBAL] No matching project for document {
  fsPath: '/home/sciencerz/.config/spicetify/Themes/text/.vscode/settings.json',
  normalPath: '/home/sciencerz/.config/spicetify/Themes/text/.vscode/settings.json'
}
