2024-09-21 12:09:30.622 [info] [main] Log level: Info
2024-09-21 12:09:30.622 [info] [main] Validating found git in: "git"
2024-09-21 12:09:30.622 [info] [main] Using git "2.43.0" from "git"
2024-09-21 12:09:30.622 [info] [Model][doInitialScan] Initial repository scan started
2024-09-21 12:09:30.622 [info] > git rev-parse --show-toplevel [9ms]
2024-09-21 12:09:30.622 [info] fatal: not a git repository (or any of the parent directories): .git
2024-09-21 12:09:30.622 [info] [Model][doInitialScan] Initial repository scan completed - repositories (0), closed repositories (0), parent repositories (0), unsafe repositories (0)
2024-09-21 12:09:30.918 [info] > git rev-parse --show-toplevel [2ms]
2024-09-21 12:09:30.918 [info] fatal: not a git repository (or any of the parent directories): .git
2024-09-21 12:09:30.928 [info] > git rev-parse --show-toplevel [4ms]
2024-09-21 12:09:30.928 [info] fatal: not a git repository (or any of the parent directories): .git
2024-09-21 12:09:32.360 [info] > git rev-parse --show-toplevel [1ms]
2024-09-21 12:09:32.360 [info] fatal: not a git repository (or any of the parent directories): .git
2024-09-21 12:09:43.424 [info] > git rev-parse --show-toplevel [1ms]
2024-09-21 12:09:43.424 [info] fatal: not a git repository (or any of the parent directories): .git
2024-09-21 12:09:47.067 [info] > git rev-parse --show-toplevel [10ms]
2024-09-21 12:09:47.067 [info] fatal: not a git repository (or any of the parent directories): .git
2024-09-21 12:10:01.537 [info] > git rev-parse --show-toplevel [2ms]
2024-09-21 12:10:01.537 [info] fatal: not a git repository (or any of the parent directories): .git
2024-09-21 12:11:02.315 [info] > git rev-parse --show-toplevel [2ms]
2024-09-21 12:11:02.315 [info] fatal: not a git repository (or any of the parent directories): .git
2024-09-21 12:18:28.310 [info] > git rev-parse --show-toplevel [1ms]
2024-09-21 12:18:28.310 [info] fatal: not a git repository (or any of the parent directories): .git
2024-09-21 12:18:38.053 [info] > git rev-parse --show-toplevel [2ms]
2024-09-21 12:18:38.053 [info] fatal: not a git repository (or any of the parent directories): .git
2024-09-21 12:19:35.209 [info] > git rev-parse --show-toplevel [2ms]
2024-09-21 12:19:35.209 [info] fatal: not a git repository (or any of the parent directories): .git
2024-09-21 12:19:44.069 [info] > git rev-parse --show-toplevel [2ms]
2024-09-21 12:19:44.069 [info] fatal: not a git repository (or any of the parent directories): .git
