2024-07-01 14:12:06.795 [info] Experiment 'pythonCreateEnvOnPipInstall' is active
2024-07-01 14:12:06.795 [info] Experiment 'pythonRecommendTensorboardExt' is active
2024-07-01 14:12:06.795 [info] Experiment 'pythonSurveyNotificationcf' is active
2024-07-01 14:12:06.795 [info] Experiment 'pythonTerminalEnvVarActivation' is active
2024-07-01 14:12:06.795 [info] Experiment 'pythonTestAdapter' is active
2024-07-01 14:12:06.817 [info] Default formatter is set to null for workspace /home/sciencerz/.config/neofetch
2024-07-01 14:12:06.829 [info] Python interpreter path: /bin/python3
2024-07-01 14:12:06.908 [info] > pyenv which python
2024-07-01 14:12:06.908 [info] cwd: .
2024-07-01 14:12:08.187 [info] Starting Pylance language server.
2024-07-01 14:12:13.573 [info] CreateEnv Trigger - Skipping for /home/sciencerz/.config/neofetch/neofetch.py
2024-07-01 14:12:13.653 [info] Send text to terminal: /bin/python3 /home/sciencerz/.config/neofetch/neofetch.py
2024-07-01 14:12:32.041 [info] Discover tests for workspace name: neofetch - uri: /home/sciencerz/.config/neofetch/neofetch.py
2024-07-01 14:12:35.982 [info] Send text to terminal: /bin/python3 /home/sciencerz/.config/neofetch/neofetch.py
2024-07-01 14:13:39.529 [info] Discover tests for workspace name: neofetch - uri: /home/sciencerz/.config/neofetch/neofetch.py
2024-07-01 14:13:47.232 [info] Send text to terminal: /bin/python3 /home/sciencerz/.config/neofetch/neofetch.py
2024-07-01 14:14:00.838 [info] Send text to terminal: /bin/python3 /home/sciencerz/.config/neofetch/neofetch.py
2024-07-01 14:16:24.140 [info] Discover tests for workspace name: neofetch - uri: /home/sciencerz/.config/neofetch/neofetch.py
2024-07-01 14:16:30.522 [info] Send text to terminal: /bin/python3 /home/sciencerz/.config/neofetch/neofetch.py
2024-07-01 14:16:57.341 [info] Discover tests for workspace name: neofetch - uri: /home/sciencerz/.config/neofetch/neofetch.py
2024-07-01 14:18:33.378 [info] Send text to terminal: /bin/python3 /home/sciencerz/.config/neofetch/neofetch.py
2024-07-01 14:18:33.520 [info] Discover tests for workspace name: neofetch - uri: /home/sciencerz/.config/neofetch/neofetch.py
2024-07-01 14:19:04.153 [info] Discover tests for workspace name: neofetch - uri: /home/sciencerz/.config/neofetch/neofetch.py
2024-07-01 14:19:07.455 [info] Send text to terminal: /bin/python3 /home/sciencerz/.config/neofetch/neofetch.py
2024-07-01 14:19:51.341 [info] Send text to terminal: /bin/python3 /home/sciencerz/.config/neofetch/neofetch.py
2024-07-01 14:20:07.815 [info] Discover tests for workspace name: neofetch - uri: /home/sciencerz/.config/neofetch/neofetch.py
2024-07-01 14:20:10.571 [info] Send text to terminal: /bin/python3 /home/sciencerz/.config/neofetch/neofetch.py
2024-07-01 14:20:34.011 [info] Send text to terminal: /bin/python3 /home/sciencerz/.config/neofetch/neofetch.py
2024-07-01 14:20:34.254 [info] Discover tests for workspace name: neofetch - uri: /home/sciencerz/.config/neofetch/neofetch.py
2024-07-01 14:20:37.192 [info] Send text to terminal: /bin/python3 /home/sciencerz/.config/neofetch/neofetch.py
2024-07-01 14:20:47.202 [info] Discover tests for workspace name: neofetch - uri: /home/sciencerz/.config/neofetch/neofetch.py
2024-07-01 14:20:52.295 [info] Discover tests for workspace name: neofetch - uri: /home/sciencerz/.config/neofetch/neofetch.py
2024-07-01 14:20:54.461 [info] Send text to terminal: /bin/python3 /home/sciencerz/.config/neofetch/neofetch.py
2024-07-01 14:22:30.793 [info] Discover tests for workspace name: neofetch - uri: /home/sciencerz/.config/neofetch/neofetch.py
2024-07-01 14:24:44.314 [info] Discover tests for workspace name: neofetch - uri: /home/sciencerz/.config/neofetch/neofetch.py
2024-07-01 14:25:39.593 [info] Discover tests for workspace name: neofetch - uri: /home/sciencerz/.config/neofetch/neofetch.py
2024-07-01 14:25:52.468 [info] Discover tests for workspace name: neofetch - uri: /home/sciencerz/.config/neofetch/neofetch.py
2024-07-01 14:26:25.144 [info] Discover tests for workspace name: neofetch - uri: /home/sciencerz/.config/neofetch/neofetch.py
2024-07-01 14:26:45.296 [info] Discover tests for workspace name: neofetch - uri: /home/sciencerz/.config/neofetch/neofetch.py
2024-07-01 14:26:58.478 [info] Discover tests for workspace name: neofetch - uri: /home/sciencerz/.config/neofetch/neofetch.py
2024-07-01 14:27:29.713 [info] Discover tests for workspace name: neofetch - uri: /home/sciencerz/.config/neofetch/neofetch.py
2024-07-01 14:43:11.526 [info] Discover tests for workspace name: neofetch - uri: /home/sciencerz/.config/neofetch/neofetch.py
2024-07-01 14:43:29.898 [info] Discover tests for workspace name: neofetch - uri: /home/sciencerz/.config/neofetch/neofetch.py
2024-07-01 14:43:34.826 [info] Discover tests for workspace name: neofetch - uri: /home/sciencerz/.config/neofetch/neofetch.py
2024-07-01 14:43:45.835 [info] Discover tests for workspace name: neofetch - uri: /home/sciencerz/.config/neofetch/neofetch.py
2024-07-01 14:44:18.301 [info] Discover tests for workspace name: neofetch - uri: /home/sciencerz/.config/neofetch/neofetch.py
2024-07-01 14:44:50.942 [info] Discover tests for workspace name: neofetch - uri: /home/sciencerz/.config/neofetch/neofetch.py
2024-07-01 14:45:25.134 [info] Discover tests for workspace name: neofetch - uri: /home/sciencerz/.config/neofetch/neofetch.py
2024-07-01 14:45:38.401 [info] Discover tests for workspace name: neofetch - uri: /home/sciencerz/.config/neofetch/neofetch.py
2024-07-01 15:10:25.766 [info] Discover tests for workspace name: neofetch - uri: /home/sciencerz/.config/neofetch/neofetch.py
2024-07-01 15:10:33.450 [info] Discover tests for workspace name: neofetch - uri: /home/sciencerz/.config/neofetch/neofetch.py
2024-07-01 15:10:50.349 [info] Discover tests for workspace name: neofetch - uri: /home/sciencerz/.config/neofetch/neofetch.py
2024-07-01 15:11:04.337 [info] Discover tests for workspace name: neofetch - uri: /home/sciencerz/.config/neofetch/neofetch.py
2024-07-01 15:14:13.290 [info] Discover tests for workspace name: neofetch - uri: /home/sciencerz/.config/neofetch/neofetch.py
2024-07-01 15:17:41.962 [info] Discover tests for workspace name: neofetch - uri: /home/sciencerz/.config/neofetch/neofetch.py
2024-07-01 15:20:23.660 [info] Discover tests for workspace name: neofetch - uri: /home/sciencerz/.config/neofetch/neofetch.py
2024-07-01 15:21:03.431 [info] Discover tests for workspace name: neofetch - uri: /home/sciencerz/.config/neofetch/neofetch.py
2024-07-01 15:21:13.607 [info] Discover tests for workspace name: neofetch - uri: /home/sciencerz/.config/neofetch/neofetch.py
2024-07-01 15:24:31.271 [info] Discover tests for workspace name: neofetch - uri: /home/sciencerz/.config/neofetch/neofetch.py
2024-07-01 15:24:49.252 [info] Discover tests for workspace name: neofetch - uri: /home/sciencerz/.config/neofetch/neofetch.py
2024-07-01 15:24:59.398 [info] Discover tests for workspace name: neofetch - uri: /home/sciencerz/.config/neofetch/neofetch.py
2024-07-01 15:25:16.260 [info] Discover tests for workspace name: neofetch - uri: /home/sciencerz/.config/neofetch/neofetch.py
2024-07-01 15:26:16.546 [info] Discover tests for workspace name: neofetch - uri: /home/sciencerz/.config/neofetch/neofetch.py
2024-07-01 15:28:39.239 [info] Discover tests for workspace name: neofetch - uri: /home/sciencerz/.config/neofetch/neofetch.py
2024-07-01 15:29:05.049 [info] Discover tests for workspace name: neofetch - uri: /home/sciencerz/.config/neofetch/neofetch.py
2024-07-01 15:29:07.740 [info] Discover tests for workspace name: neofetch - uri: /home/sciencerz/.config/neofetch/neofetch.py
2024-07-01 15:32:08.648 [info] Discover tests for workspace name: neofetch - uri: /home/sciencerz/.config/neofetch/neofetch.py
2024-07-01 15:33:07.481 [info] Discover tests for workspace name: neofetch - uri: /home/sciencerz/.config/neofetch/neofetch.py
2024-07-01 15:33:09.490 [info] Send text to terminal: /bin/python3 /home/sciencerz/.config/neofetch/neofetch.py
2024-07-01 15:33:37.646 [info] Discover tests for workspace name: neofetch - uri: /home/sciencerz/.config/neofetch/neofetch.py
2024-07-01 15:33:42.173 [info] Send text to terminal: /bin/python3 /home/sciencerz/.config/neofetch/neofetch.py
2024-07-01 15:33:51.154 [info] Send text to terminal: /bin/python3 /home/sciencerz/.config/neofetch/neofetch.py
2024-07-01 15:33:58.614 [info] Discover tests for workspace name: neofetch - uri: /home/sciencerz/.config/neofetch/neofetch.py
2024-07-01 15:34:01.585 [info] Send text to terminal: /bin/python3 /home/sciencerz/.config/neofetch/neofetch.py
2024-07-01 15:34:12.329 [info] Discover tests for workspace name: neofetch - uri: /home/sciencerz/.config/neofetch/neofetch.py
2024-07-01 15:34:16.248 [info] Send text to terminal: /bin/python3 /home/sciencerz/.config/neofetch/neofetch.py
2024-07-01 15:34:42.463 [info] Discover tests for workspace name: neofetch - uri: /home/sciencerz/.config/neofetch/neofetch.py
2024-07-01 15:34:44.796 [info] Send text to terminal: /bin/python3 /home/sciencerz/.config/neofetch/neofetch.py
2024-07-01 15:35:15.702 [info] Discover tests for workspace name: neofetch - uri: /home/sciencerz/.config/neofetch/neofetch.py
2024-07-01 15:35:19.205 [info] Send text to terminal: /bin/python3 /home/sciencerz/.config/neofetch/neofetch.py
2024-07-01 15:35:30.750 [info] Discover tests for workspace name: neofetch - uri: /home/sciencerz/.config/neofetch/neofetch.py
2024-07-01 15:35:34.606 [info] Send text to terminal: /bin/python3 /home/sciencerz/.config/neofetch/neofetch.py
2024-07-01 15:35:57.179 [info] Send text to terminal: /bin/python3 /home/sciencerz/.config/neofetch/neofetch.py
2024-07-01 15:36:16.966 [info] Discover tests for workspace name: neofetch - uri: /home/sciencerz/.config/neofetch/neofetch.py
2024-07-01 15:36:23.153 [info] Send text to terminal: /bin/python3 /home/sciencerz/.config/neofetch/neofetch.py
2024-07-01 15:36:42.413 [info] Discover tests for workspace name: neofetch - uri: /home/sciencerz/.config/neofetch/neofetch.py
2024-07-01 15:36:44.375 [info] Send text to terminal: /bin/python3 /home/sciencerz/.config/neofetch/neofetch.py
2024-07-01 15:36:48.303 [info] Send text to terminal: /bin/python3 /home/sciencerz/.config/neofetch/neofetch.py
2024-07-01 15:37:27.024 [info] Discover tests for workspace name: neofetch - uri: /home/sciencerz/.config/neofetch/neofetch.py
2024-07-01 15:37:40.891 [info] Discover tests for workspace name: neofetch - uri: /home/sciencerz/.config/neofetch/neofetch.py
2024-07-01 15:37:46.706 [info] Send text to terminal: /bin/python3 /home/sciencerz/.config/neofetch/neofetch.py
2024-07-01 15:37:53.612 [info] Discover tests for workspace name: neofetch - uri: /home/sciencerz/.config/neofetch/neofetch.py
2024-07-01 15:38:16.369 [info] Discover tests for workspace name: neofetch - uri: /home/sciencerz/.config/neofetch/neofetch.py
2024-07-01 15:38:27.644 [info] Send text to terminal: /bin/python3 /home/sciencerz/.config/neofetch/neofetch.py
2024-07-01 15:39:24.915 [info] Discover tests for workspace name: neofetch - uri: /home/sciencerz/.config/neofetch/neofetch.py
2024-07-01 15:39:28.951 [info] Send text to terminal: /bin/python3 /home/sciencerz/.config/neofetch/neofetch.py
2024-07-01 15:39:36.947 [info] Discover tests for workspace name: neofetch - uri: /home/sciencerz/.config/neofetch/neofetch.py
2024-07-01 15:39:39.364 [info] Send text to terminal: /bin/python3 /home/sciencerz/.config/neofetch/neofetch.py
2024-07-01 15:39:42.966 [info] Send text to terminal: /bin/python3 /home/sciencerz/.config/neofetch/neofetch.py
2024-07-01 15:39:49.425 [info] Discover tests for workspace name: neofetch - uri: /home/sciencerz/.config/neofetch/neofetch.py
2024-07-01 15:39:54.490 [info] Send text to terminal: /bin/python3 /home/sciencerz/.config/neofetch/neofetch.py
2024-07-01 15:40:16.878 [info] Send text to terminal: /bin/python3 /home/sciencerz/.config/neofetch/neofetch.py
2024-07-01 15:44:38.819 [info] Discover tests for workspace name: neofetch - uri: /home/sciencerz/.config/neofetch/neofetch.py
2024-07-01 15:45:19.982 [info] Discover tests for workspace name: neofetch - uri: /home/sciencerz/.config/neofetch/neofetch.py
2024-07-01 15:48:14.295 [info] Discover tests for workspace name: neofetch - uri: /home/sciencerz/.config/neofetch/neofetch.py
2024-07-01 15:48:40.473 [info] Discover tests for workspace name: neofetch - uri: /home/sciencerz/.config/neofetch/neofetch.py
2024-07-01 15:51:14.141 [info] Discover tests for workspace name: neofetch - uri: /home/sciencerz/.config/neofetch/neofetch.py
2024-07-01 15:52:16.640 [info] Discover tests for workspace name: neofetch - uri: /home/sciencerz/.config/neofetch/neofetch.py
2024-07-01 15:52:35.491 [info] Discover tests for workspace name: neofetch - uri: /home/sciencerz/.config/neofetch/neofetch.py
2024-07-01 15:52:40.192 [info] Discover tests for workspace name: neofetch - uri: /home/sciencerz/.config/neofetch/neofetch.py
2024-07-01 15:53:30.244 [info] Discover tests for workspace name: neofetch - uri: /home/sciencerz/.config/neofetch/neofetch.py
2024-07-01 15:58:30.590 [info] Discover tests for workspace name: neofetch - uri: /home/sciencerz/.config/neofetch/neofetch.py
2024-07-01 15:59:23.257 [info] Discover tests for workspace name: neofetch - uri: /home/sciencerz/.config/neofetch/neofetch.py
2024-07-01 15:59:44.067 [info] Discover tests for workspace name: neofetch - uri: /home/sciencerz/.config/neofetch/neofetch.py
2024-07-01 16:00:40.285 [info] Discover tests for workspace name: neofetch - uri: /home/sciencerz/.config/neofetch/neofetch.py
2024-07-01 16:00:43.435 [info] Send text to terminal: /bin/python3 /home/sciencerz/.config/neofetch/neofetch.py
2024-07-01 16:01:08.922 [info] Discover tests for workspace name: neofetch - uri: /home/sciencerz/.config/neofetch/neofetch.py
2024-07-01 16:01:11.780 [info] Send text to terminal: /bin/python3 /home/sciencerz/.config/neofetch/neofetch.py
2024-07-01 16:01:22.641 [info] Discover tests for workspace name: neofetch - uri: /home/sciencerz/.config/neofetch/neofetch.py
2024-07-01 16:01:26.358 [info] Discover tests for workspace name: neofetch - uri: /home/sciencerz/.config/neofetch/neofetch.py
2024-07-01 16:01:51.932 [info] Discover tests for workspace name: neofetch - uri: /home/sciencerz/.config/neofetch/neofetch.py
2024-07-01 16:02:07.348 [info] Discover tests for workspace name: neofetch - uri: /home/sciencerz/.config/neofetch/neofetch.py
2024-07-01 16:02:10.297 [info] Discover tests for workspace name: neofetch - uri: /home/sciencerz/.config/neofetch/neofetch.py
2024-07-01 16:02:59.060 [info] Discover tests for workspace name: neofetch - uri: /home/sciencerz/.config/neofetch/neofetch.py
2024-07-01 16:03:26.425 [info] Discover tests for workspace name: neofetch - uri: /home/sciencerz/.config/neofetch/neofetch.py
2024-07-01 16:04:18.141 [info] Discover tests for workspace name: neofetch - uri: /home/sciencerz/.config/neofetch/neofetch.py
2024-07-01 16:05:44.454 [info] Discover tests for workspace name: neofetch - uri: /home/sciencerz/.config/neofetch/neofetch.py
2024-07-01 16:05:47.959 [info] Discover tests for workspace name: neofetch - uri: /home/sciencerz/.config/neofetch/neofetch.py
2024-07-01 16:18:17.282 [info] Discover tests for workspace name: neofetch - uri: /home/sciencerz/.config/neofetch/neofetch.py
2024-07-01 16:18:20.438 [info] Discover tests for workspace name: neofetch - uri: /home/sciencerz/.config/neofetch/neofetch.py
2024-07-01 16:18:38.757 [info] Discover tests for workspace name: neofetch - uri: /home/sciencerz/.config/neofetch/neofetch.py
2024-07-01 16:19:00.687 [info] Discover tests for workspace name: neofetch - uri: /home/sciencerz/.config/neofetch/neofetch.py
2024-07-01 16:20:24.142 [info] Discover tests for workspace name: neofetch - uri: /home/sciencerz/.config/neofetch/neofetch.py
