2024-09-20 18:00:20.074 [info] Extension host with pid 61547 started
2024-09-20 18:00:20.074 [info] Skipping acquiring lock for /home/sciencerz/.config/Code/User/workspaceStorage/542998118f0c261fc90fdfabeac2d712.
2024-09-20 18:00:20.233 [info] ExtensionService#_doActivateExtension vscode.emmet, startup: false, activationEvent: 'onLanguage'
2024-09-20 18:00:20.240 [info] ExtensionService#_doActivateExtension vscode.css-language-features, startup: false, activationEvent: 'onLanguage:css'
2024-09-20 18:00:20.476 [info] ExtensionService#_doActivateExtension vscode.git-base, startup: true, activationEvent: '*', root cause: vscode.git
2024-09-20 18:00:20.478 [info] ExtensionService#_doActivateExtension s-nlf-fh.glassit, startup: true, activationEvent: '*'
2024-09-20 18:00:20.578 [info] ExtensionService#_doActivateExtension vscode.git, startup: true, activationEvent: '*'
2024-09-20 18:00:20.596 [info] ExtensionService#_doActivateExtension vscode.github, startup: true, activationEvent: '*'
2024-09-20 18:00:20.639 [info] Eager extensions activated
2024-09-20 18:00:20.667 [info] ExtensionService#_doActivateExtension vscode.debug-auto-launch, startup: false, activationEvent: 'onStartupFinished'
2024-09-20 18:00:20.668 [info] ExtensionService#_doActivateExtension vscode.merge-conflict, startup: false, activationEvent: 'onStartupFinished'
2024-09-20 18:00:20.674 [info] ExtensionService#_doActivateExtension bradlc.vscode-tailwindcss, startup: false, activationEvent: 'onStartupFinished'
2024-09-20 18:00:20.685 [info] ExtensionService#_doActivateExtension dsznajder.es7-react-js-snippets, startup: false, activationEvent: 'onStartupFinished'
2024-09-20 18:00:20.825 [info] ExtensionService#_doActivateExtension formulahendry.code-runner, startup: false, activationEvent: 'onStartupFinished'
2024-09-20 18:00:20.835 [info] ExtensionService#_doActivateExtension ritwickdey.LiveServer, startup: false, activationEvent: 'onStartupFinished'
2024-09-20 18:00:47.654 [info] Extension host terminating: renderer closed the MessagePort
2024-09-20 18:00:47.668 [error] Canceled: Canceled
	at new D (/usr/share/code/resources/app/out/vs/workbench/api/node/extensionHostProcess.js:151:35235)
	at y.U (/usr/share/code/resources/app/out/vs/workbench/api/node/extensionHostProcess.js:158:6005)
	at V.<computed>.F.charCodeAt.A.CharCode.DollarSign.V.<computed> (/usr/share/code/resources/app/out/vs/workbench/api/node/extensionHostProcess.js:158:3107)
	at h.g (/usr/share/code/resources/app/out/vs/workbench/api/node/extensionHostProcess.js:161:210015)
	at h.executeCommand (/usr/share/code/resources/app/out/vs/workbench/api/node/extensionHostProcess.js:161:209453)
	at C.registerCommand.description (/usr/share/code/resources/app/out/vs/workbench/api/node/extensionHostProcess.js:161:208777)
	at h (/usr/share/code/resources/app/out/vs/workbench/api/node/extensionHostProcess.js:161:210554)
	at h.g (/usr/share/code/resources/app/out/vs/workbench/api/node/extensionHostProcess.js:161:209546)
	at h.executeCommand (/usr/share/code/resources/app/out/vs/workbench/api/node/extensionHostProcess.js:161:209453)
	at Object.executeCommand (/usr/share/code/resources/app/out/vs/workbench/api/node/extensionHostProcess.js:171:30683)
	at pE (/home/sciencerz/.vscode/extensions/bradlc.vscode-tailwindcss-0.12.10/dist/extension.js:40:8764)
	at Ne (/home/sciencerz/.vscode/extensions/bradlc.vscode-tailwindcss-0.12.10/dist/extension.js:4:1357)
	at me (/home/sciencerz/.vscode/extensions/bradlc.vscode-tailwindcss-0.12.10/dist/extension.js:3:6845)
	at Immediate.<anonymous> (/home/sciencerz/.vscode/extensions/bradlc.vscode-tailwindcss-0.12.10/dist/extension.js:3:6723)
	at process.processImmediate (node:internal/timers:478:21) setContext undefined
2024-09-20 18:00:47.669 [info] Extension host with pid 61547 exiting with code 0
