Locating server…
Booting server...
Setting up server…
Listening for messages…
Searching for Tailwind CSS projects in the workspace's folders.
[Global] Creating projects: []
[Global] Preparing projects...
[Global] Initializing projects...
[Global] Initialized 0 projects
[Info  - 4:40:04 PM] [GLOBAL] No matching project for document {
  fsPath: '/home/sciencerz/.config/waybar/configs/[TOP] Sleek',
  normalPath: '/home/sciencerz/.config/waybar/configs/[TOP] Sleek'
}
[Info  - 4:40:07 PM] [GLOBAL] No matching project for document {
  fsPath: '/home/sciencerz/.config/waybar/configs/[TOP] Default Laptop_v3',
  normalPath: '/home/sciencerz/.config/waybar/configs/[TOP] Default Laptop_v3'
}
[Info  - 4:40:07 PM] [GLOBAL] No matching project for document {
  fsPath: '/home/sciencerz/.config/waybar/configs/[TOP] Default Laptop_v2',
  normalPath: '/home/sciencerz/.config/waybar/configs/[TOP] Default Laptop_v2'
}
[Info  - 4:40:10 PM] [GLOBAL] No matching project for document {
  fsPath: '/home/sciencerz/.config/waybar/configs/[TOP] Default Laptop',
  normalPath: '/home/sciencerz/.config/waybar/configs/[TOP] Default Laptop'
}
[Info  - 4:40:14 PM] [GLOBAL] No matching project for document {
  fsPath: '/home/sciencerz/.config/waybar/configs/[TOP] Default Laptop_v2',
  normalPath: '/home/sciencerz/.config/waybar/configs/[TOP] Default Laptop_v2'
}
[Info  - 4:40:16 PM] [GLOBAL] No matching project for document {
  fsPath: '/home/sciencerz/.config/waybar/configs/[TOP] Default Laptop',
  normalPath: '/home/sciencerz/.config/waybar/configs/[TOP] Default Laptop'
}
[Info  - 4:40:18 PM] [GLOBAL] No matching project for document {
  fsPath: '/home/sciencerz/.config/waybar/configs/[TOP] Default Laptop_v2',
  normalPath: '/home/sciencerz/.config/waybar/configs/[TOP] Default Laptop_v2'
}
[Info  - 4:40:23 PM] [GLOBAL] No matching project for document {
  fsPath: '/home/sciencerz/.config/waybar/configs/[TOP] Default Laptop',
  normalPath: '/home/sciencerz/.config/waybar/configs/[TOP] Default Laptop'
}
[Info  - 4:45:58 PM] [GLOBAL] No matching project for document {
  fsPath: '/home/sciencerz/.config/waybar/configs/[TOP & BOT] SummitSplit',
  normalPath: '/home/sciencerz/.config/waybar/configs/[TOP & BOT] SummitSplit'
}
[Info  - 4:46:03 PM] [GLOBAL] No matching project for document {
  fsPath: '/home/sciencerz/.config/waybar/configs/[TOP] Default Laptop',
  normalPath: '/home/sciencerz/.config/waybar/configs/[TOP] Default Laptop'
}
[Info  - 4:46:08 PM] [GLOBAL] No matching project for document {
  fsPath: '/home/sciencerz/.config/waybar/configs/[TOP & BOT] SummitSplit',
  normalPath: '/home/sciencerz/.config/waybar/configs/[TOP & BOT] SummitSplit'
}
[Info  - 4:46:15 PM] [GLOBAL] No matching project for document {
  fsPath: '/home/sciencerz/.config/waybar/configs/[TOP] Default Laptop',
  normalPath: '/home/sciencerz/.config/waybar/configs/[TOP] Default Laptop'
}
[Info  - 4:51:26 PM] [GLOBAL] No matching project for document {
  fsPath: '/home/sciencerz/.config/waybar/configs/[TOP] Sleek',
  normalPath: '/home/sciencerz/.config/waybar/configs/[TOP] Sleek'
}
[Info  - 4:51:30 PM] [GLOBAL] No matching project for document {
  fsPath: '/home/sciencerz/.config/waybar/configs/[TOP] Default Laptop',
  normalPath: '/home/sciencerz/.config/waybar/configs/[TOP] Default Laptop'
}
[Info  - 4:51:51 PM] [GLOBAL] No matching project for document {
  fsPath: '/home/sciencerz/.config/waybar/configs/[TOP] Sleek',
  normalPath: '/home/sciencerz/.config/waybar/configs/[TOP] Sleek'
}
[Info  - 4:51:52 PM] [GLOBAL] No matching project for document {
  fsPath: '/home/sciencerz/.config/waybar/configs/[TOP] Default Laptop',
  normalPath: '/home/sciencerz/.config/waybar/configs/[TOP] Default Laptop'
}
[Info  - 4:52:03 PM] [GLOBAL] No matching project for document {
  fsPath: '/home/sciencerz/.config/waybar/configs/SCIENCERZ',
  normalPath: '/home/sciencerz/.config/waybar/configs/SCIENCERZ'
}
[Info  - 4:59:20 PM] [GLOBAL] No matching project for document {
  fsPath: '/home/sciencerz/.config/waybar/configs/[TOP & BOT] SummitSplit',
  normalPath: '/home/sciencerz/.config/waybar/configs/[TOP & BOT] SummitSplit'
}
[Info  - 4:59:21 PM] [GLOBAL] No matching project for document {
  fsPath: '/home/sciencerz/.config/waybar/configs/SCIENCERZ',
  normalPath: '/home/sciencerz/.config/waybar/configs/SCIENCERZ'
}
[Info  - 5:01:08 PM] [GLOBAL] No matching project for document {
  fsPath: '/home/sciencerz/.config/waybar/configs/[TOP] Default Laptop_v2',
  normalPath: '/home/sciencerz/.config/waybar/configs/[TOP] Default Laptop_v2'
}
[Info  - 5:01:41 PM] [GLOBAL] No matching project for document {
  fsPath: '/home/sciencerz/.config/waybar/configs/[TOP] Camellia',
  normalPath: '/home/sciencerz/.config/waybar/configs/[TOP] Camellia'
}
[Info  - 5:02:14 PM] [GLOBAL] No matching project for document {
  fsPath: '/home/sciencerz/.config/waybar/configs/SCIENCERZ',
  normalPath: '/home/sciencerz/.config/waybar/configs/SCIENCERZ'
}
[Info  - 5:02:43 PM] [GLOBAL] No matching project for document {
  fsPath: '/home/sciencerz/.config/waybar/configs/[TOP] Camellia',
  normalPath: '/home/sciencerz/.config/waybar/configs/[TOP] Camellia'
}
[Info  - 5:03:16 PM] [GLOBAL] No matching project for document {
  fsPath: '/home/sciencerz/.config/waybar/configs/SCIENCERZ',
  normalPath: '/home/sciencerz/.config/waybar/configs/SCIENCERZ'
}
[Info  - 5:03:19 PM] [GLOBAL] No matching project for document {
  fsPath: '/home/sciencerz/.config/waybar/configs/[TOP] Camellia',
  normalPath: '/home/sciencerz/.config/waybar/configs/[TOP] Camellia'
}
[Info  - 5:03:24 PM] [GLOBAL] No matching project for document {
  fsPath: '/home/sciencerz/.config/waybar/configs/SCIENCERZ',
  normalPath: '/home/sciencerz/.config/waybar/configs/SCIENCERZ'
}
[Info  - 5:03:28 PM] [GLOBAL] No matching project for document {
  fsPath: '/home/sciencerz/.config/waybar/configs/[TOP] Camellia',
  normalPath: '/home/sciencerz/.config/waybar/configs/[TOP] Camellia'
}
[Info  - 5:03:34 PM] [GLOBAL] No matching project for document {
  fsPath: '/home/sciencerz/.config/waybar/configs/SCIENCERZ',
  normalPath: '/home/sciencerz/.config/waybar/configs/SCIENCERZ'
}
[Info  - 5:03:37 PM] [GLOBAL] No matching project for document {
  fsPath: '/home/sciencerz/.config/waybar/configs/[TOP] Camellia',
  normalPath: '/home/sciencerz/.config/waybar/configs/[TOP] Camellia'
}
[Info  - 5:03:47 PM] [GLOBAL] No matching project for document {
  fsPath: '/home/sciencerz/.config/waybar/configs/SCIENCERZ',
  normalPath: '/home/sciencerz/.config/waybar/configs/SCIENCERZ'
}
[Info  - 5:27:55 PM] [GLOBAL] No matching project for document {
  fsPath: '/home/sciencerz/.config/waybar/configs/[TOP] Default Laptop_v2',
  normalPath: '/home/sciencerz/.config/waybar/configs/[TOP] Default Laptop_v2'
}
[Info  - 5:28:00 PM] [GLOBAL] No matching project for document {
  fsPath: '/home/sciencerz/.config/waybar/configs/[BOT] Default Laptop',
  normalPath: '/home/sciencerz/.config/waybar/configs/[BOT] Default Laptop'
}
[Info  - 5:28:42 PM] [GLOBAL] No matching project for document {
  fsPath: '/home/sciencerz/.config/waybar/configs/SCIENCERZ',
  normalPath: '/home/sciencerz/.config/waybar/configs/SCIENCERZ'
}
[Info  - 5:48:23 PM] [GLOBAL] No matching project for document {
  fsPath: '/home/sciencerz/.config/waybar/configs/[TOP & BOT] SummitSplit',
  normalPath: '/home/sciencerz/.config/waybar/configs/[TOP & BOT] SummitSplit'
}
[Info  - 5:48:23 PM] [GLOBAL] No matching project for document {
  fsPath: '/home/sciencerz/.config/waybar/configs/SCIENCERZ',
  normalPath: '/home/sciencerz/.config/waybar/configs/SCIENCERZ'
}
[Info  - 6:21:15 PM] [GLOBAL] No matching project for document {
  fsPath: '/home/sciencerz/.config/waybar/configs/SCIENCERZ',
  normalPath: '/home/sciencerz/.config/waybar/configs/SCIENCERZ'
}
