2024-07-01 14:12:07.418 [info] Log level: Info
2024-07-01 14:12:07.418 [info] Validating found git in: "git"
2024-07-01 14:12:07.418 [info] Using git "2.43.0" from "git"
2024-07-01 14:12:07.418 [info] > git rev-parse --show-toplevel [4ms]
2024-07-01 14:12:07.418 [info] fatal: not a git repository (or any of the parent directories): .git
2024-07-01 14:12:07.418 [info] > git rev-parse --show-toplevel [1ms]
2024-07-01 14:12:07.418 [info] fatal: not a git repository (or any of the parent directories): .git
2024-07-01 14:12:07.479 [info] > git rev-parse --show-toplevel [1ms]
2024-07-01 14:12:07.479 [info] fatal: not a git repository (or any of the parent directories): .git
2024-07-01 14:12:07.639 [info] > git rev-parse --show-toplevel [2ms]
2024-07-01 14:12:07.639 [info] fatal: not a git repository (or any of the parent directories): .git
2024-07-01 14:12:07.826 [info] > git rev-parse --show-toplevel [1ms]
2024-07-01 14:12:07.826 [info] fatal: not a git repository (or any of the parent directories): .git
2024-07-01 14:12:08.241 [info] > git rev-parse --show-toplevel [2ms]
2024-07-01 14:12:08.241 [info] fatal: not a git repository (or any of the parent directories): .git
2024-07-01 14:12:08.810 [info] > git rev-parse --show-toplevel [3ms]
2024-07-01 14:12:08.810 [info] fatal: not a git repository (or any of the parent directories): .git
2024-07-01 15:41:01.310 [info] > git rev-parse --show-toplevel [1ms]
2024-07-01 15:41:01.310 [info] fatal: not a git repository (or any of the parent directories): .git
2024-07-01 15:43:57.052 [info] > git rev-parse --show-toplevel [2ms]
2024-07-01 15:43:57.052 [info] fatal: not a git repository (or any of the parent directories): .git
2024-07-01 15:44:04.227 [info] > git rev-parse --show-toplevel [2ms]
2024-07-01 15:44:04.227 [info] fatal: not a git repository (or any of the parent directories): .git
2024-07-01 15:44:12.913 [info] > git rev-parse --show-toplevel [2ms]
2024-07-01 15:44:12.913 [info] fatal: not a git repository (or any of the parent directories): .git
2024-07-01 15:47:16.071 [info] > git rev-parse --show-toplevel [2ms]
2024-07-01 15:47:16.071 [info] fatal: not a git repository (or any of the parent directories): .git
2024-07-01 15:47:37.477 [info] > git rev-parse --show-toplevel [2ms]
2024-07-01 15:47:37.477 [info] fatal: not a git repository (or any of the parent directories): .git
2024-07-01 15:48:45.813 [info] > git rev-parse --show-toplevel [1ms]
2024-07-01 15:48:45.814 [info] fatal: not a git repository (or any of the parent directories): .git
2024-07-01 15:51:06.662 [info] > git rev-parse --show-toplevel [1ms]
2024-07-01 15:51:06.662 [info] fatal: not a git repository (or any of the parent directories): .git
2024-07-01 15:51:17.496 [info] > git rev-parse --show-toplevel [1ms]
2024-07-01 15:51:17.496 [info] fatal: not a git repository (or any of the parent directories): .git
2024-07-01 15:51:31.723 [info] > git rev-parse --show-toplevel [2ms]
2024-07-01 15:51:31.723 [info] fatal: not a git repository (or any of the parent directories): .git
2024-07-01 15:51:46.420 [info] > git rev-parse --show-toplevel [1ms]
2024-07-01 15:51:46.420 [info] fatal: not a git repository (or any of the parent directories): .git
2024-07-01 15:51:53.875 [info] > git rev-parse --show-toplevel [1ms]
2024-07-01 15:51:53.875 [info] fatal: not a git repository (or any of the parent directories): .git
2024-07-01 15:58:41.187 [info] > git rev-parse --show-toplevel [1ms]
2024-07-01 15:58:41.187 [info] fatal: not a git repository (or any of the parent directories): .git
2024-07-01 15:58:41.869 [info] > git rev-parse --show-toplevel [1ms]
2024-07-01 15:58:41.870 [info] fatal: not a git repository (or any of the parent directories): .git
2024-07-01 15:58:48.695 [info] > git rev-parse --show-toplevel [1ms]
2024-07-01 15:58:48.695 [info] fatal: not a git repository (or any of the parent directories): .git
2024-07-01 16:03:57.436 [info] > git rev-parse --show-toplevel [1ms]
2024-07-01 16:03:57.436 [info] fatal: not a git repository (or any of the parent directories): .git
2024-07-01 16:04:06.977 [info] > git rev-parse --show-toplevel [1ms]
2024-07-01 16:04:06.977 [info] fatal: not a git repository (or any of the parent directories): .git
