2024-07-01 23:35:54.217 [info] Log level: Info
2024-07-01 23:35:54.217 [info] Validating found git in: "git"
2024-07-01 23:35:54.217 [info] Using git "2.43.0" from "git"
2024-07-01 23:35:54.217 [info] > git rev-parse --show-toplevel [4ms]
2024-07-01 23:35:54.217 [info] fatal: not a git repository (or any of the parent directories): .git
2024-07-01 23:35:54.217 [info] > git rev-parse --show-toplevel [3ms]
2024-07-01 23:35:54.217 [info] fatal: not a git repository (or any of the parent directories): .git
2024-07-01 23:35:54.217 [info] > git rev-parse --show-toplevel [11ms]
2024-07-01 23:35:54.217 [info] fatal: not a git repository (or any of the parent directories): .git
2024-07-01 23:35:54.224 [info] > git rev-parse --show-toplevel [2ms]
2024-07-01 23:35:54.224 [info] fatal: not a git repository (or any of the parent directories): .git
2024-07-01 23:35:54.230 [info] > git rev-parse --show-toplevel [2ms]
2024-07-01 23:35:54.230 [info] fatal: not a git repository (or any of the parent directories): .git
2024-07-01 23:35:54.236 [info] > git rev-parse --show-toplevel [2ms]
2024-07-01 23:35:54.236 [info] fatal: not a git repository (or any of the parent directories): .git
2024-07-01 23:35:54.243 [info] > git rev-parse --show-toplevel [2ms]
2024-07-01 23:35:54.243 [info] fatal: not a git repository (or any of the parent directories): .git
2024-07-01 23:35:54.249 [info] > git rev-parse --show-toplevel [2ms]
2024-07-01 23:35:54.249 [info] fatal: not a git repository (or any of the parent directories): .git
2024-07-01 23:35:54.256 [info] > git rev-parse --show-toplevel [1ms]
2024-07-01 23:35:54.256 [info] fatal: not a git repository (or any of the parent directories): .git
2024-07-01 23:35:54.278 [info] > git rev-parse --show-toplevel [1ms]
2024-07-01 23:35:54.278 [info] fatal: not a git repository (or any of the parent directories): .git
2024-07-01 23:35:56.263 [info] > git rev-parse --show-toplevel [1ms]
2024-07-01 23:35:56.263 [info] fatal: not a git repository (or any of the parent directories): .git
2024-07-01 23:36:00.296 [info] > git rev-parse --show-toplevel [1ms]
2024-07-01 23:36:00.296 [info] fatal: not a git repository (or any of the parent directories): .git
