2024-09-20 23:35:43.682 [info] [main] Log level: Info
2024-09-20 23:35:43.682 [info] [main] Validating found git in: "git"
2024-09-20 23:35:43.682 [info] [main] Using git "2.43.0" from "git"
2024-09-20 23:35:43.682 [info] [Model][doInitialScan] Initial repository scan started
2024-09-20 23:35:43.682 [info] > git rev-parse --show-toplevel [3ms]
2024-09-20 23:35:43.682 [info] fatal: not a git repository (or any of the parent directories): .git
2024-09-20 23:35:43.683 [info] > git rev-parse --show-toplevel [1ms]
2024-09-20 23:35:43.683 [info] fatal: not a git repository (or any of the parent directories): .git
2024-09-20 23:35:43.684 [info] [Model][doInitialScan] Initial repository scan completed - repositories (0), closed repositories (0), parent repositories (0), unsafe repositories (0)
2024-09-20 23:35:44.081 [info] > git rev-parse --show-toplevel [10ms]
2024-09-20 23:35:44.081 [info] fatal: not a git repository (or any of the parent directories): .git
2024-09-20 23:35:44.100 [info] > git rev-parse --show-toplevel [12ms]
2024-09-20 23:35:44.100 [info] fatal: not a git repository (or any of the parent directories): .git
2024-09-20 23:35:44.123 [info] > git rev-parse --show-toplevel [12ms]
2024-09-20 23:35:44.123 [info] fatal: not a git repository (or any of the parent directories): .git
2024-09-20 23:35:45.210 [info] > git rev-parse --show-toplevel [2ms]
2024-09-20 23:35:45.210 [info] fatal: not a git repository (or any of the parent directories): .git
2024-09-20 23:36:01.289 [info] > git rev-parse --show-toplevel [2ms]
2024-09-20 23:36:01.289 [info] fatal: not a git repository (or any of the parent directories): .git
2024-09-20 23:45:29.959 [info] > git rev-parse --show-toplevel [1ms]
2024-09-20 23:45:29.959 [info] fatal: not a git repository (or any of the parent directories): .git
2024-09-20 23:47:37.300 [info] > git rev-parse --show-toplevel [2ms]
2024-09-20 23:47:37.300 [info] fatal: not a git repository (or any of the parent directories): .git
2024-09-20 23:47:37.528 [info] > git rev-parse --show-toplevel [1ms]
2024-09-20 23:47:37.528 [info] fatal: not a git repository (or any of the parent directories): .git
2024-09-20 23:47:57.662 [info] > git rev-parse --show-toplevel [2ms]
2024-09-20 23:47:57.662 [info] fatal: not a git repository (or any of the parent directories): .git
